#
# A fatal error has been detected by the Java Runtime Environment:
#
#  EXCEPTION_ACCESS_VIOLATION (0xc0000005) at pc=0x00007ff8e82e3bcc, pid=18512, tid=18532
#
# JRE version: OpenJDK Runtime Environment Temurin-21.0.3+9 (21.0.3+9) (build 21.0.3+9-LTS)
# Java VM: OpenJDK 64-Bit Server VM Temurin-21.0.3+9 (21.0.3+9-LTS, mixed mode, sharing, tiered, compressed oops, compressed class ptrs, g1 gc, windows-amd64)
# Problematic frame:
# C  [igxelpicd64.dll+0x2c3bcc]
#
# No core dump will be written. Minidumps are not enabled by default on client versions of Windows
#
# If you would like to submit a bug report, please visit:
#   https://github.com/adoptium/adoptium-support/issues
#

---------------  S U M M A R Y ------------

Command Line: -XX:+ShowCodeDetailsInExceptionMessages Launcher

Host: 11th Gen Intel(R) Core(TM) i5-1135G7 @ 2.40GHz, 8 cores, 7G,  Windows 11 , 64 bit Build 22621 (10.0.22621.3085)
Time: Wed May 29 19:24:50 2024 Malay Peninsula Standard Time elapsed time: 14.292254 seconds (0d 0h 0m 14s)

---------------  T H R E A D  ---------------

Current thread (0x000001cffab8a3a0):  VMThread "VM Thread"          [id=18532, stack(0x0000002185300000,0x0000002185400000) (1024K)]

Stack: [0x0000002185300000,0x0000002185400000],  sp=0x00000021853fe680,  free space=1017k
Native frames: (J=compiled Java code, j=interpreted, Vv=VM code, C=native code)
C  [igxelpicd64.dll+0x2c3bcc]


siginfo: EXCEPTION_ACCESS_VIOLATION (0xc0000005), reading address 0x0000000000035718


Registers:
RAX=0x000001cfff921488, RBX=0x000001cfff921380, RCX=0x0000000000000000, RDX=0x0000000000000000
RSP=0x00000021853fe680, RBP=0x0000000000000000, RSI=0x000001cfff921950, RDI=0x000001cfff88d370
R8 =0x0000000000000014, R9 =0x0000000000000000, R10=0x0000000000000000, R11=0x0000000000000000
R12=0x0000000000000000, R13=0x000001cfff91d1e0, R14=0x000000000007a600, R15=0x0000000000000016
RIP=0x00007ff8e82e3bcc, EFLAGS=0x0000000000010206


Register to memory mapping:

RAX=0x000001cfff921488 points into unknown readable memory: 0x000000000007a68c | 8c a6 07 00 00 00 00 00
RBX=0x000001cfff921380 points into unknown readable memory: 0x000001cfff6ffb70 | 70 fb 6f ff cf 01 00 00
RCX=0x0 is null
RDX=0x0 is null
RSP=0x00000021853fe680 points into unknown readable memory: 0x000001cfff650ca0 | a0 0c 65 ff cf 01 00 00
RBP=0x0 is null
RSI=0x000001cfff921950 points into unknown readable memory: 0x000001cfff91d1e0 | e0 d1 91 ff cf 01 00 00
RDI=0x000001cfff88d370 points into unknown readable memory: 0x000001cfff8a6901 | 01 69 8a ff cf 01 00 00
R8 =0x0000000000000014 is an unknown value
R9 =0x0 is null
R10=0x0 is null
R11=0x0 is null
R12=0x0 is null
R13=0x000001cfff91d1e0 points into unknown readable memory: 0x000001cfff6ffb70 | 70 fb 6f ff cf 01 00 00
R14=0x000000000007a600 is an unknown value
R15=0x0000000000000016 is an unknown value

Top of Stack: (sp=0x00000021853fe680)
0x00000021853fe680:   000001cfff650ca0 0000000000000000
0x00000021853fe690:   00000021853fe808 00007ff958d533b4
0x00000021853fe6a0:   0000002184650000 00007ff958ccd8e6
0x00000021853fe6b0:   0000000000000001 00007ff958d418c1
0x00000021853fe6c0:   000001cfff8006a0 000000000007a690
0x00000021853fe6d0:   0000000000000000 0000000000000010
0x00000021853fe6e0:   0000000000000000 0000000000000000
0x00000021853fe6f0:   00000021853fe800 00007ff8e82be02c
0x00000021853fe700:   000001cfff650ca0 000001cfff88d370
0x00000021853fe710:   000001cfead00000 0000000000000000
0x00000021853fe720:   0000002100000380 0000b802001a0000
0x00000021853fe730:   0000000000000000 00000000000004b4
0x00000021853fe740:   00000021853fe8a8 00000021853fe8d0
0x00000021853fe750:   0000000000000002 0000000000000000
0x00000021853fe760:   00000b4c72f628ec 00007ff8e833fdff
0x00000021853fe770:   00000000000004b4 0000000000000003
0x00000021853fe780:   00000021853fea48 00000021853fe8a8
0x00000021853fe790:   00000021853fe8d0 000001cfead0177c
0x00000021853fe7a0:   0000000000000000 00007ff8e80c2257
0x00000021853fe7b0:   0000b802001a0000 0000000000000380
0x00000021853fe7c0:   0000000000000000 4000170000000001
0x00000021853fe7d0:   0000000000000000 0000000000000000
0x00000021853fe7e0:   0000000000000000 0000000000000000
0x00000021853fe7f0:   0000000000000000 0000000000000000
0x00000021853fe800:   0000000000000000 0000000000000000
0x00000021853fe810:   0000000000000000 0000000000000000
0x00000021853fe820:   0000000000000000 0000000000000000
0x00000021853fe830:   0000000000000000 0000000000000000
0x00000021853fe840:   0000000000000000 0000000000000000
0x00000021853fe850:   0000000000000000 0000000000000000
0x00000021853fe860:   0000000000000000 0000000000000000
0x00000021853fe870:   0000000000000000 0000000000000000 

Instructions: (pc=0x00007ff8e82e3bcc)
0x00007ff8e82e3acc:   ec 40 45 8a e1 48 8b fa 48 8b e9 48 8b 1d b2 a2
0x00007ff8e82e3adc:   c8 00 48 89 58 08 48 8b cb ff 15 25 16 82 00 90
0x00007ff8e82e3aec:   4c 8b af 78 02 00 00 48 8b 05 f6 83 b8 00 44 8b
0x00007ff8e82e3afc:   b8 58 0b 00 00 45 33 db 45 8a f3 4c 89 9f 78 02
0x00007ff8e82e3b0c:   00 00 44 89 9f 80 02 00 00 4c 89 9f 98 02 00 00
0x00007ff8e82e3b1c:   4c 89 9f 88 02 00 00 48 85 ed 75 38 8b 35 9a 7c
0x00007ff8e82e3b2c:   c8 00 65 48 8b 04 25 58 00 00 00 b9 14 00 00 00
0x00007ff8e82e3b3c:   48 8b 04 f0 44 38 1c 01 0f 84 ab 1f 70 00 65 48
0x00007ff8e82e3b4c:   8b 04 25 58 00 00 00 bd 20 00 00 00 48 8b 04 f0
0x00007ff8e82e3b5c:   48 8b 2c 28 48 3b 2d a9 a1 c8 00 45 0f 44 fb 4d
0x00007ff8e82e3b6c:   85 ed 0f 84 21 01 00 00 44 8a a4 24 90 00 00 00
0x00007ff8e82e3b7c:   49 8b dd 49 8d b5 d0 05 00 00 4c 8b 2e 45 84 e4
0x00007ff8e82e3b8c:   0f 85 2a 03 00 00 8b 97 c8 01 00 00 48 8b 05 51
0x00007ff8e82e3b9c:   83 b8 00 83 b8 78 03 00 00 02 75 31 83 fa 10 0f
0x00007ff8e82e3bac:   83 17 01 00 00 48 8d 04 d5 21 00 00 00 48 03 c2
0x00007ff8e82e3bbc:   48 8d 04 c3 48 85 c0 0f 85 2e 01 00 00 49 8b cb
0x00007ff8e82e3bcc:   48 3b 8d 18 57 03 00 0f 87 f3 02 00 00 4c 39 9b
0x00007ff8e82e3bdc:   48 06 00 00 0f 85 4f 1f 70 00 44 8b 97 c8 01 00
0x00007ff8e82e3bec:   00 48 8b 87 e0 01 00 00 4c 8b 08 8b 97 c8 01 00
0x00007ff8e82e3bfc:   00 83 fa 10 0f 83 03 01 00 00 48 8d 04 d5 21 00
0x00007ff8e82e3c0c:   00 00 48 03 c2 48 8d 04 c3 48 85 c0 0f 85 e2 00
0x00007ff8e82e3c1c:   00 00 49 8b cb 49 3b c9 0f 86 0e 01 00 00 48 8b
0x00007ff8e82e3c2c:   87 78 02 00 00 48 89 06 48 89 9f 78 02 00 00 ff
0x00007ff8e82e3c3c:   87 80 02 00 00 48 8b 43 08 48 8b 88 18 01 00 00
0x00007ff8e82e3c4c:   48 81 e1 00 00 ff ff 48 81 c1 00 00 01 00 48 01
0x00007ff8e82e3c5c:   8f 88 02 00 00 48 8b 43 08 48 8b 88 18 01 00 00
0x00007ff8e82e3c6c:   48 01 8f 98 02 00 00 4d 85 ed 0f 85 00 ff ff ff
0x00007ff8e82e3c7c:   45 84 f6 44 8a a4 24 98 00 00 00 0f 85 82 03 00
0x00007ff8e82e3c8c:   00 48 8b 9c 24 80 00 00 00 48 8b cf 45 84 e4 0f
0x00007ff8e82e3c9c:   85 8a 03 00 00 e8 8a fa ff ff 90 48 8b cb 48 8b
0x00007ff8e82e3cac:   9c 24 88 00 00 00 48 83 c4 40 41 5f 41 5e 41 5d
0x00007ff8e82e3cbc:   41 5c 5f 5e 5d 48 ff 25 50 14 82 00 8d 4a f0 8b 


Stack slot to memory mapping:

stack at sp + 0 slots: 0x000001cfff650ca0 points into unknown readable memory: 0xffffffffffffffff | ff ff ff ff ff ff ff ff
stack at sp + 1 slots: 0x0 is null
stack at sp + 2 slots: 0x00000021853fe808 points into unknown readable memory: 0x0000000000000000 | 00 00 00 00 00 00 00 00
stack at sp + 3 slots: 0x00007ff958d533b4 ntdll.dll
stack at sp + 4 slots: 0x0000002184650000 points into unknown readable memory: 0x0000000000000000 | 00 00 00 00 00 00 00 00
stack at sp + 5 slots: 0x00007ff958ccd8e6 ntdll.dll
stack at sp + 6 slots: 0x0000000000000001 is an unknown value
stack at sp + 7 slots: 0x00007ff958d418c1 ntdll.dll

VM_Operation (0x00000021861fe970): Exit, mode: safepoint, requested by thread 0x000001cfff475a80


---------------  P R O C E S S  ---------------

Threads class SMR info:
_java_thread_list=0x000001cfd72e3fd0, length=14, elements={
0x000001cffababb30, 0x000001cffabad150, 0x000001cffabb1000, 0x000001cffabb3b60,
0x000001cffabb47e0, 0x000001cffabc05a0, 0x000001cffabc6290, 0x000001cfff172830,
0x000001cfff165d70, 0x000001cfff48f2d0, 0x000001cfff491950, 0x000001cfff475a80,
0x000001cfeadca130, 0x000001cfff4ec9c0
}

Java Threads: ( => current thread )
  0x000001cffababb30 JavaThread "Reference Handler"          daemon [_thread_blocked, id=10840, stack(0x0000002185400000,0x0000002185500000) (1024K)]
  0x000001cffabad150 JavaThread "Finalizer"                  daemon [_thread_blocked, id=16896, stack(0x0000002185500000,0x0000002185600000) (1024K)]
  0x000001cffabb1000 JavaThread "Attach Listener"            daemon [_thread_blocked, id=10900, stack(0x0000002185700000,0x0000002185800000) (1024K)]
  0x000001cffabb3b60 JavaThread "Service Thread"             daemon [_thread_blocked, id=8144, stack(0x0000002185800000,0x0000002185900000) (1024K)]
  0x000001cffabb47e0 JavaThread "Monitor Deflation Thread"   daemon [_thread_blocked, id=10500, stack(0x0000002185900000,0x0000002185a00000) (1024K)]
  0x000001cffabc05a0 JavaThread "C2 CompilerThread0"         daemon [_thread_blocked, id=2972, stack(0x0000002185a00000,0x0000002185b00000) (1024K)]
  0x000001cffabc6290 JavaThread "C1 CompilerThread0"         daemon [_thread_blocked, id=7796, stack(0x0000002185b00000,0x0000002185c00000) (1024K)]
  0x000001cfff172830 JavaThread "Notification Thread"        daemon [_thread_blocked, id=1068, stack(0x0000002185c00000,0x0000002185d00000) (1024K)]
  0x000001cfff165d70 JavaThread "Common-Cleaner"             daemon [_thread_blocked, id=19168, stack(0x0000002185d00000,0x0000002185e00000) (1024K)]
  0x000001cfff48f2d0 JavaThread "Java2D Disposer"            daemon [_thread_blocked, id=6668, stack(0x0000002185e00000,0x0000002185f00000) (1024K)]
  0x000001cfff491950 JavaThread "AWT-Shutdown"                      [_thread_blocked, id=12268, stack(0x0000002185f00000,0x0000002186000000) (1024K)]
  0x000001cfff475a80 JavaThread "AWT-EventQueue-0"                  [_thread_blocked, id=9024, stack(0x0000002186100000,0x0000002186200000) (1024K)]
  0x000001cfeadca130 JavaThread "DestroyJavaVM"                     [_thread_blocked, id=18372, stack(0x0000002184c00000,0x0000002184d00000) (1024K)]
  0x000001cfff4ec9c0 JavaThread "Thread-0"                          [_thread_blocked, id=2028, stack(0x0000002186200000,0x0000002186300000) (1024K)]
Total: 14

Other Threads:
=>0x000001cffab8a3a0 VMThread "VM Thread"                           [id=18532, stack(0x0000002185300000,0x0000002185400000) (1024K)]
  0x000001cfed082e60 WorkerThread "GC Thread#0"                     [id=6568, stack(0x0000002184d00000,0x0000002184e00000) (1024K)]
  0x000001cfed095550 ConcurrentGCThread "G1 Main Marker"            terminated
  0x000001cfed096050 WorkerThread "G1 Conc#0"                       [id=19256, stack(0x0000002184f00000,0x0000002185000000) (1024K)]
  0x000001cffaa44c50 ConcurrentGCThread "G1 Refine#0"               terminated
  0x000001cffaa457c0 ConcurrentGCThread "G1 Service"                terminated
Total: 6

Threads with active compile tasks:
Total: 0

VM state: at safepoint (shutting down)

VM Mutex/Monitor currently owned by a thread:  ([mutex/lock_event])
[0x00007ff8f1552128] Threads_lock - owner thread: 0x000001cffab8a3a0
[0x00007ff8f1552228] Heap_lock - owner thread: 0x000001cfff475a80

Heap address: 0x0000000083600000, size: 1994 MB, Compressed Oops mode: 32-bit

CDS archive(s) mapped at: [0x000001cf8f000000-0x000001cf8fc90000-0x000001cf8fc90000), size 13172736, SharedBaseAddress: 0x000001cf8f000000, ArchiveRelocationMode: 1.
Compressed class space mapped at: 0x000001cf90000000-0x000001cfd0000000, reserved size: 1073741824
Narrow klass base: 0x000001cf8f000000, Narrow klass shift: 0, Narrow klass range: 0x100000000

GC Precious Log:
 CardTable entry size: 512
 Card Set container configuration: InlinePtr #cards 5 size 8 Array Of Cards #cards 12 size 40 Howl #buckets 4 coarsen threshold 1843 Howl Bitmap #cards 512 size 80 coarsen threshold 460 Card regions per heap region 1 cards per card region 2048
 CPUs: 8 total, 8 available
 Memory: 7971M
 Large Page Support: Disabled
 NUMA Support: Disabled
 Compressed Oops: Enabled (32-bit)
 Heap Region Size: 1M
 Heap Min Capacity: 8M
 Heap Initial Capacity: 126M
 Heap Max Capacity: 1994M
 Pre-touch: Disabled
 Parallel Workers: 8
 Concurrent Workers: 2
 Concurrent Refinement Workers: 8
 Periodic GC: Disabled

Heap:
 garbage-first heap   total 129024K, used 12288K [0x0000000083600000, 0x0000000100000000)
  region size 1024K, 14 young (14336K), 0 survivors (0K)
 Metaspace       used 9401K, committed 9600K, reserved 1114112K
  class space    used 886K, committed 960K, reserved 1048576K

Heap Regions: E=young(eden), S=young(survivor), O=old, HS=humongous(starts), HC=humongous(continues), CS=collection set, F=free, TAMS=top-at-mark-start, PB=parsable bottom
|   0|0x0000000083600000, 0x0000000083600000, 0x0000000083700000|  0%| F|  |TAMS 0x0000000083600000| PB 0x0000000083600000| Untracked 
|   1|0x0000000083700000, 0x0000000083700000, 0x0000000083800000|  0%| F|  |TAMS 0x0000000083700000| PB 0x0000000083700000| Untracked 
|   2|0x0000000083800000, 0x0000000083800000, 0x0000000083900000|  0%| F|  |TAMS 0x0000000083800000| PB 0x0000000083800000| Untracked 
|   3|0x0000000083900000, 0x0000000083900000, 0x0000000083a00000|  0%| F|  |TAMS 0x0000000083900000| PB 0x0000000083900000| Untracked 
|   4|0x0000000083a00000, 0x0000000083a00000, 0x0000000083b00000|  0%| F|  |TAMS 0x0000000083a00000| PB 0x0000000083a00000| Untracked 
|   5|0x0000000083b00000, 0x0000000083b00000, 0x0000000083c00000|  0%| F|  |TAMS 0x0000000083b00000| PB 0x0000000083b00000| Untracked 
|   6|0x0000000083c00000, 0x0000000083c00000, 0x0000000083d00000|  0%| F|  |TAMS 0x0000000083c00000| PB 0x0000000083c00000| Untracked 
|   7|0x0000000083d00000, 0x0000000083d00000, 0x0000000083e00000|  0%| F|  |TAMS 0x0000000083d00000| PB 0x0000000083d00000| Untracked 
|   8|0x0000000083e00000, 0x0000000083e00000, 0x0000000083f00000|  0%| F|  |TAMS 0x0000000083e00000| PB 0x0000000083e00000| Untracked 
|   9|0x0000000083f00000, 0x0000000083f00000, 0x0000000084000000|  0%| F|  |TAMS 0x0000000083f00000| PB 0x0000000083f00000| Untracked 
|  10|0x0000000084000000, 0x0000000084000000, 0x0000000084100000|  0%| F|  |TAMS 0x0000000084000000| PB 0x0000000084000000| Untracked 
|  11|0x0000000084100000, 0x0000000084100000, 0x0000000084200000|  0%| F|  |TAMS 0x0000000084100000| PB 0x0000000084100000| Untracked 
|  12|0x0000000084200000, 0x0000000084200000, 0x0000000084300000|  0%| F|  |TAMS 0x0000000084200000| PB 0x0000000084200000| Untracked 
|  13|0x0000000084300000, 0x0000000084300000, 0x0000000084400000|  0%| F|  |TAMS 0x0000000084300000| PB 0x0000000084300000| Untracked 
|  14|0x0000000084400000, 0x0000000084400000, 0x0000000084500000|  0%| F|  |TAMS 0x0000000084400000| PB 0x0000000084400000| Untracked 
|  15|0x0000000084500000, 0x0000000084500000, 0x0000000084600000|  0%| F|  |TAMS 0x0000000084500000| PB 0x0000000084500000| Untracked 
|  16|0x0000000084600000, 0x0000000084600000, 0x0000000084700000|  0%| F|  |TAMS 0x0000000084600000| PB 0x0000000084600000| Untracked 
|  17|0x0000000084700000, 0x0000000084700000, 0x0000000084800000|  0%| F|  |TAMS 0x0000000084700000| PB 0x0000000084700000| Untracked 
|  18|0x0000000084800000, 0x0000000084800000, 0x0000000084900000|  0%| F|  |TAMS 0x0000000084800000| PB 0x0000000084800000| Untracked 
|  19|0x0000000084900000, 0x0000000084900000, 0x0000000084a00000|  0%| F|  |TAMS 0x0000000084900000| PB 0x0000000084900000| Untracked 
|  20|0x0000000084a00000, 0x0000000084a00000, 0x0000000084b00000|  0%| F|  |TAMS 0x0000000084a00000| PB 0x0000000084a00000| Untracked 
|  21|0x0000000084b00000, 0x0000000084b00000, 0x0000000084c00000|  0%| F|  |TAMS 0x0000000084b00000| PB 0x0000000084b00000| Untracked 
|  22|0x0000000084c00000, 0x0000000084c00000, 0x0000000084d00000|  0%| F|  |TAMS 0x0000000084c00000| PB 0x0000000084c00000| Untracked 
|  23|0x0000000084d00000, 0x0000000084d00000, 0x0000000084e00000|  0%| F|  |TAMS 0x0000000084d00000| PB 0x0000000084d00000| Untracked 
|  24|0x0000000084e00000, 0x0000000084e00000, 0x0000000084f00000|  0%| F|  |TAMS 0x0000000084e00000| PB 0x0000000084e00000| Untracked 
|  25|0x0000000084f00000, 0x0000000084f00000, 0x0000000085000000|  0%| F|  |TAMS 0x0000000084f00000| PB 0x0000000084f00000| Untracked 
|  26|0x0000000085000000, 0x0000000085000000, 0x0000000085100000|  0%| F|  |TAMS 0x0000000085000000| PB 0x0000000085000000| Untracked 
|  27|0x0000000085100000, 0x0000000085100000, 0x0000000085200000|  0%| F|  |TAMS 0x0000000085100000| PB 0x0000000085100000| Untracked 
|  28|0x0000000085200000, 0x0000000085200000, 0x0000000085300000|  0%| F|  |TAMS 0x0000000085200000| PB 0x0000000085200000| Untracked 
|  29|0x0000000085300000, 0x0000000085300000, 0x0000000085400000|  0%| F|  |TAMS 0x0000000085300000| PB 0x0000000085300000| Untracked 
|  30|0x0000000085400000, 0x0000000085400000, 0x0000000085500000|  0%| F|  |TAMS 0x0000000085400000| PB 0x0000000085400000| Untracked 
|  31|0x0000000085500000, 0x0000000085500000, 0x0000000085600000|  0%| F|  |TAMS 0x0000000085500000| PB 0x0000000085500000| Untracked 
|  32|0x0000000085600000, 0x0000000085600000, 0x0000000085700000|  0%| F|  |TAMS 0x0000000085600000| PB 0x0000000085600000| Untracked 
|  33|0x0000000085700000, 0x0000000085700000, 0x0000000085800000|  0%| F|  |TAMS 0x0000000085700000| PB 0x0000000085700000| Untracked 
|  34|0x0000000085800000, 0x0000000085800000, 0x0000000085900000|  0%| F|  |TAMS 0x0000000085800000| PB 0x0000000085800000| Untracked 
|  35|0x0000000085900000, 0x0000000085900000, 0x0000000085a00000|  0%| F|  |TAMS 0x0000000085900000| PB 0x0000000085900000| Untracked 
|  36|0x0000000085a00000, 0x0000000085a00000, 0x0000000085b00000|  0%| F|  |TAMS 0x0000000085a00000| PB 0x0000000085a00000| Untracked 
|  37|0x0000000085b00000, 0x0000000085b00000, 0x0000000085c00000|  0%| F|  |TAMS 0x0000000085b00000| PB 0x0000000085b00000| Untracked 
|  38|0x0000000085c00000, 0x0000000085c00000, 0x0000000085d00000|  0%| F|  |TAMS 0x0000000085c00000| PB 0x0000000085c00000| Untracked 
|  39|0x0000000085d00000, 0x0000000085d00000, 0x0000000085e00000|  0%| F|  |TAMS 0x0000000085d00000| PB 0x0000000085d00000| Untracked 
|  40|0x0000000085e00000, 0x0000000085e00000, 0x0000000085f00000|  0%| F|  |TAMS 0x0000000085e00000| PB 0x0000000085e00000| Untracked 
|  41|0x0000000085f00000, 0x0000000085f00000, 0x0000000086000000|  0%| F|  |TAMS 0x0000000085f00000| PB 0x0000000085f00000| Untracked 
|  42|0x0000000086000000, 0x0000000086000000, 0x0000000086100000|  0%| F|  |TAMS 0x0000000086000000| PB 0x0000000086000000| Untracked 
|  43|0x0000000086100000, 0x0000000086100000, 0x0000000086200000|  0%| F|  |TAMS 0x0000000086100000| PB 0x0000000086100000| Untracked 
|  44|0x0000000086200000, 0x0000000086200000, 0x0000000086300000|  0%| F|  |TAMS 0x0000000086200000| PB 0x0000000086200000| Untracked 
|  45|0x0000000086300000, 0x0000000086300000, 0x0000000086400000|  0%| F|  |TAMS 0x0000000086300000| PB 0x0000000086300000| Untracked 
|  46|0x0000000086400000, 0x0000000086400000, 0x0000000086500000|  0%| F|  |TAMS 0x0000000086400000| PB 0x0000000086400000| Untracked 
|  47|0x0000000086500000, 0x0000000086500000, 0x0000000086600000|  0%| F|  |TAMS 0x0000000086500000| PB 0x0000000086500000| Untracked 
|  48|0x0000000086600000, 0x0000000086600000, 0x0000000086700000|  0%| F|  |TAMS 0x0000000086600000| PB 0x0000000086600000| Untracked 
|  49|0x0000000086700000, 0x0000000086700000, 0x0000000086800000|  0%| F|  |TAMS 0x0000000086700000| PB 0x0000000086700000| Untracked 
|  50|0x0000000086800000, 0x0000000086800000, 0x0000000086900000|  0%| F|  |TAMS 0x0000000086800000| PB 0x0000000086800000| Untracked 
|  51|0x0000000086900000, 0x0000000086900000, 0x0000000086a00000|  0%| F|  |TAMS 0x0000000086900000| PB 0x0000000086900000| Untracked 
|  52|0x0000000086a00000, 0x0000000086a00000, 0x0000000086b00000|  0%| F|  |TAMS 0x0000000086a00000| PB 0x0000000086a00000| Untracked 
|  53|0x0000000086b00000, 0x0000000086b00000, 0x0000000086c00000|  0%| F|  |TAMS 0x0000000086b00000| PB 0x0000000086b00000| Untracked 
|  54|0x0000000086c00000, 0x0000000086c00000, 0x0000000086d00000|  0%| F|  |TAMS 0x0000000086c00000| PB 0x0000000086c00000| Untracked 
|  55|0x0000000086d00000, 0x0000000086d00000, 0x0000000086e00000|  0%| F|  |TAMS 0x0000000086d00000| PB 0x0000000086d00000| Untracked 
|  56|0x0000000086e00000, 0x0000000086e00000, 0x0000000086f00000|  0%| F|  |TAMS 0x0000000086e00000| PB 0x0000000086e00000| Untracked 
|  57|0x0000000086f00000, 0x0000000086f00000, 0x0000000087000000|  0%| F|  |TAMS 0x0000000086f00000| PB 0x0000000086f00000| Untracked 
|  58|0x0000000087000000, 0x0000000087000000, 0x0000000087100000|  0%| F|  |TAMS 0x0000000087000000| PB 0x0000000087000000| Untracked 
|  59|0x0000000087100000, 0x0000000087100000, 0x0000000087200000|  0%| F|  |TAMS 0x0000000087100000| PB 0x0000000087100000| Untracked 
|  60|0x0000000087200000, 0x0000000087200000, 0x0000000087300000|  0%| F|  |TAMS 0x0000000087200000| PB 0x0000000087200000| Untracked 
|  61|0x0000000087300000, 0x0000000087300000, 0x0000000087400000|  0%| F|  |TAMS 0x0000000087300000| PB 0x0000000087300000| Untracked 
|  62|0x0000000087400000, 0x0000000087400000, 0x0000000087500000|  0%| F|  |TAMS 0x0000000087400000| PB 0x0000000087400000| Untracked 
|  63|0x0000000087500000, 0x0000000087500000, 0x0000000087600000|  0%| F|  |TAMS 0x0000000087500000| PB 0x0000000087500000| Untracked 
|  64|0x0000000087600000, 0x0000000087600000, 0x0000000087700000|  0%| F|  |TAMS 0x0000000087600000| PB 0x0000000087600000| Untracked 
|  65|0x0000000087700000, 0x0000000087700000, 0x0000000087800000|  0%| F|  |TAMS 0x0000000087700000| PB 0x0000000087700000| Untracked 
|  66|0x0000000087800000, 0x0000000087800000, 0x0000000087900000|  0%| F|  |TAMS 0x0000000087800000| PB 0x0000000087800000| Untracked 
|  67|0x0000000087900000, 0x0000000087900000, 0x0000000087a00000|  0%| F|  |TAMS 0x0000000087900000| PB 0x0000000087900000| Untracked 
|  68|0x0000000087a00000, 0x0000000087a00000, 0x0000000087b00000|  0%| F|  |TAMS 0x0000000087a00000| PB 0x0000000087a00000| Untracked 
|  69|0x0000000087b00000, 0x0000000087b00000, 0x0000000087c00000|  0%| F|  |TAMS 0x0000000087b00000| PB 0x0000000087b00000| Untracked 
|  70|0x0000000087c00000, 0x0000000087c00000, 0x0000000087d00000|  0%| F|  |TAMS 0x0000000087c00000| PB 0x0000000087c00000| Untracked 
|  71|0x0000000087d00000, 0x0000000087d00000, 0x0000000087e00000|  0%| F|  |TAMS 0x0000000087d00000| PB 0x0000000087d00000| Untracked 
|  72|0x0000000087e00000, 0x0000000087e00000, 0x0000000087f00000|  0%| F|  |TAMS 0x0000000087e00000| PB 0x0000000087e00000| Untracked 
|  73|0x0000000087f00000, 0x0000000087f00000, 0x0000000088000000|  0%| F|  |TAMS 0x0000000087f00000| PB 0x0000000087f00000| Untracked 
|  74|0x0000000088000000, 0x0000000088000000, 0x0000000088100000|  0%| F|  |TAMS 0x0000000088000000| PB 0x0000000088000000| Untracked 
|  75|0x0000000088100000, 0x0000000088100000, 0x0000000088200000|  0%| F|  |TAMS 0x0000000088100000| PB 0x0000000088100000| Untracked 
|  76|0x0000000088200000, 0x0000000088200000, 0x0000000088300000|  0%| F|  |TAMS 0x0000000088200000| PB 0x0000000088200000| Untracked 
|  77|0x0000000088300000, 0x0000000088300000, 0x0000000088400000|  0%| F|  |TAMS 0x0000000088300000| PB 0x0000000088300000| Untracked 
|  78|0x0000000088400000, 0x0000000088400000, 0x0000000088500000|  0%| F|  |TAMS 0x0000000088400000| PB 0x0000000088400000| Untracked 
|  79|0x0000000088500000, 0x0000000088500000, 0x0000000088600000|  0%| F|  |TAMS 0x0000000088500000| PB 0x0000000088500000| Untracked 
|  80|0x0000000088600000, 0x0000000088600000, 0x0000000088700000|  0%| F|  |TAMS 0x0000000088600000| PB 0x0000000088600000| Untracked 
|  81|0x0000000088700000, 0x0000000088700000, 0x0000000088800000|  0%| F|  |TAMS 0x0000000088700000| PB 0x0000000088700000| Untracked 
|  82|0x0000000088800000, 0x0000000088800000, 0x0000000088900000|  0%| F|  |TAMS 0x0000000088800000| PB 0x0000000088800000| Untracked 
|  83|0x0000000088900000, 0x0000000088900000, 0x0000000088a00000|  0%| F|  |TAMS 0x0000000088900000| PB 0x0000000088900000| Untracked 
|  84|0x0000000088a00000, 0x0000000088a00000, 0x0000000088b00000|  0%| F|  |TAMS 0x0000000088a00000| PB 0x0000000088a00000| Untracked 
|  85|0x0000000088b00000, 0x0000000088b00000, 0x0000000088c00000|  0%| F|  |TAMS 0x0000000088b00000| PB 0x0000000088b00000| Untracked 
|  86|0x0000000088c00000, 0x0000000088c00000, 0x0000000088d00000|  0%| F|  |TAMS 0x0000000088c00000| PB 0x0000000088c00000| Untracked 
|  87|0x0000000088d00000, 0x0000000088d00000, 0x0000000088e00000|  0%| F|  |TAMS 0x0000000088d00000| PB 0x0000000088d00000| Untracked 
|  88|0x0000000088e00000, 0x0000000088e00000, 0x0000000088f00000|  0%| F|  |TAMS 0x0000000088e00000| PB 0x0000000088e00000| Untracked 
|  89|0x0000000088f00000, 0x0000000088f00000, 0x0000000089000000|  0%| F|  |TAMS 0x0000000088f00000| PB 0x0000000088f00000| Untracked 
|  90|0x0000000089000000, 0x0000000089000000, 0x0000000089100000|  0%| F|  |TAMS 0x0000000089000000| PB 0x0000000089000000| Untracked 
|  91|0x0000000089100000, 0x0000000089100000, 0x0000000089200000|  0%| F|  |TAMS 0x0000000089100000| PB 0x0000000089100000| Untracked 
|  92|0x0000000089200000, 0x0000000089200000, 0x0000000089300000|  0%| F|  |TAMS 0x0000000089200000| PB 0x0000000089200000| Untracked 
|  93|0x0000000089300000, 0x0000000089300000, 0x0000000089400000|  0%| F|  |TAMS 0x0000000089300000| PB 0x0000000089300000| Untracked 
|  94|0x0000000089400000, 0x0000000089400000, 0x0000000089500000|  0%| F|  |TAMS 0x0000000089400000| PB 0x0000000089400000| Untracked 
|  95|0x0000000089500000, 0x0000000089500000, 0x0000000089600000|  0%| F|  |TAMS 0x0000000089500000| PB 0x0000000089500000| Untracked 
|  96|0x0000000089600000, 0x0000000089600000, 0x0000000089700000|  0%| F|  |TAMS 0x0000000089600000| PB 0x0000000089600000| Untracked 
|  97|0x0000000089700000, 0x0000000089700000, 0x0000000089800000|  0%| F|  |TAMS 0x0000000089700000| PB 0x0000000089700000| Untracked 
|  98|0x0000000089800000, 0x0000000089800000, 0x0000000089900000|  0%| F|  |TAMS 0x0000000089800000| PB 0x0000000089800000| Untracked 
|  99|0x0000000089900000, 0x0000000089900000, 0x0000000089a00000|  0%| F|  |TAMS 0x0000000089900000| PB 0x0000000089900000| Untracked 
| 100|0x0000000089a00000, 0x0000000089a00000, 0x0000000089b00000|  0%| F|  |TAMS 0x0000000089a00000| PB 0x0000000089a00000| Untracked 
| 101|0x0000000089b00000, 0x0000000089b00000, 0x0000000089c00000|  0%| F|  |TAMS 0x0000000089b00000| PB 0x0000000089b00000| Untracked 
| 102|0x0000000089c00000, 0x0000000089c00000, 0x0000000089d00000|  0%| F|  |TAMS 0x0000000089c00000| PB 0x0000000089c00000| Untracked 
| 103|0x0000000089d00000, 0x0000000089d00000, 0x0000000089e00000|  0%| F|  |TAMS 0x0000000089d00000| PB 0x0000000089d00000| Untracked 
| 104|0x0000000089e00000, 0x0000000089e00000, 0x0000000089f00000|  0%| F|  |TAMS 0x0000000089e00000| PB 0x0000000089e00000| Untracked 
| 105|0x0000000089f00000, 0x0000000089f00000, 0x000000008a000000|  0%| F|  |TAMS 0x0000000089f00000| PB 0x0000000089f00000| Untracked 
| 106|0x000000008a000000, 0x000000008a000000, 0x000000008a100000|  0%| F|  |TAMS 0x000000008a000000| PB 0x000000008a000000| Untracked 
| 107|0x000000008a100000, 0x000000008a100000, 0x000000008a200000|  0%| F|  |TAMS 0x000000008a100000| PB 0x000000008a100000| Untracked 
| 108|0x000000008a200000, 0x000000008a200000, 0x000000008a300000|  0%| F|  |TAMS 0x000000008a200000| PB 0x000000008a200000| Untracked 
| 109|0x000000008a300000, 0x000000008a300000, 0x000000008a400000|  0%| F|  |TAMS 0x000000008a300000| PB 0x000000008a300000| Untracked 
| 110|0x000000008a400000, 0x000000008a400000, 0x000000008a500000|  0%| F|  |TAMS 0x000000008a400000| PB 0x000000008a400000| Untracked 
| 111|0x000000008a500000, 0x000000008a500000, 0x000000008a600000|  0%| F|  |TAMS 0x000000008a500000| PB 0x000000008a500000| Untracked 
| 112|0x000000008a600000, 0x000000008a700000, 0x000000008a700000|100%| E|  |TAMS 0x000000008a600000| PB 0x000000008a600000| Complete 
| 113|0x000000008a700000, 0x000000008a800000, 0x000000008a800000|100%| E|CS|TAMS 0x000000008a700000| PB 0x000000008a700000| Complete 
| 114|0x000000008a800000, 0x000000008a900000, 0x000000008a900000|100%| E|CS|TAMS 0x000000008a800000| PB 0x000000008a800000| Complete 
| 115|0x000000008a900000, 0x000000008aa00000, 0x000000008aa00000|100%| E|CS|TAMS 0x000000008a900000| PB 0x000000008a900000| Complete 
| 116|0x000000008aa00000, 0x000000008ab00000, 0x000000008ab00000|100%| E|  |TAMS 0x000000008aa00000| PB 0x000000008aa00000| Complete 
| 117|0x000000008ab00000, 0x000000008ac00000, 0x000000008ac00000|100%| E|CS|TAMS 0x000000008ab00000| PB 0x000000008ab00000| Complete 
| 118|0x000000008ac00000, 0x000000008ad00000, 0x000000008ad00000|100%| E|CS|TAMS 0x000000008ac00000| PB 0x000000008ac00000| Complete 
| 119|0x000000008ad00000, 0x000000008ae00000, 0x000000008ae00000|100%| E|CS|TAMS 0x000000008ad00000| PB 0x000000008ad00000| Complete 
| 120|0x000000008ae00000, 0x000000008af00000, 0x000000008af00000|100%| E|CS|TAMS 0x000000008ae00000| PB 0x000000008ae00000| Complete 
| 121|0x000000008af00000, 0x000000008b000000, 0x000000008b000000|100%| E|CS|TAMS 0x000000008af00000| PB 0x000000008af00000| Complete 
| 122|0x000000008b000000, 0x000000008b100000, 0x000000008b100000|100%| E|CS|TAMS 0x000000008b000000| PB 0x000000008b000000| Complete 
| 123|0x000000008b100000, 0x000000008b200000, 0x000000008b200000|100%| E|CS|TAMS 0x000000008b100000| PB 0x000000008b100000| Complete 
| 124|0x000000008b200000, 0x000000008b300000, 0x000000008b300000|100%| E|CS|TAMS 0x000000008b200000| PB 0x000000008b200000| Complete 
| 125|0x000000008b300000, 0x000000008b400000, 0x000000008b400000|100%| E|CS|TAMS 0x000000008b300000| PB 0x000000008b300000| Complete 

Card table byte_map: [0x000001cff5e30000,0x000001cff6220000] _byte_map_base: 0x000001cff5a15000

Marking Bits: (CMBitMap*) 0x000001cfed083d70
 Bits: [0x000001cff6220000, 0x000001cff8148000)

Polling page: 0x000001cfec7f0000

Metaspace:

Usage:
  Non-class:      8.32 MB used.
      Class:    886.76 KB used.
       Both:      9.18 MB used.

Virtual space:
  Non-class space:       64.00 MB reserved,       8.44 MB ( 13%) committed,  1 nodes.
      Class space:        1.00 GB reserved,     960.00 KB ( <1%) committed,  1 nodes.
             Both:        1.06 GB reserved,       9.38 MB ( <1%) committed. 

Chunk freelists:
   Non-Class:  7.01 MB
       Class:  15.00 MB
        Both:  22.01 MB

MaxMetaspaceSize: unlimited
CompressedClassSpaceSize: 1.00 GB
Initial GC threshold: 21.00 MB
Current GC threshold: 21.00 MB
CDS: on
 - commit_granule_bytes: 65536.
 - commit_granule_words: 8192.
 - virtual_space_node_default_size: 8388608.
 - enlarge_chunks_in_place: 1.
 - use_allocation_guard: 0.


Internal statistics:

num_allocs_failed_limit: 0.
num_arena_births: 194.
num_arena_deaths: 0.
num_vsnodes_births: 2.
num_vsnodes_deaths: 0.
num_space_committed: 148.
num_space_uncommitted: 0.
num_chunks_returned_to_freelist: 0.
num_chunks_taken_from_freelist: 300.
num_chunk_merges: 0.
num_chunk_splits: 194.
num_chunks_enlarged: 106.
num_inconsistent_stats: 0.

CodeHeap 'non-profiled nmethods': size=120000Kb used=373Kb max_used=373Kb free=119626Kb
 bounds [0x000001cf87ad0000, 0x000001cf87d40000, 0x000001cf8f000000]
CodeHeap 'profiled nmethods': size=120000Kb used=1779Kb max_used=1779Kb free=118220Kb
 bounds [0x000001cf80000000, 0x000001cf80270000, 0x000001cf87530000]
CodeHeap 'non-nmethods': size=5760Kb used=2609Kb max_used=2624Kb free=3150Kb
 bounds [0x000001cf87530000, 0x000001cf877d0000, 0x000001cf87ad0000]
 total_blobs=2443 nmethods=1246 adapters=1102
 compilation: enabled
              stopped_count=0, restarted_count=0
 full_count=0

Compilation events (20 events):
Event: 12.630 Thread 0x000001cffabc6290 1236       3       sun.java2d.pipe.Region::<init> (26 bytes)
Event: 12.630 Thread 0x000001cffabc6290 nmethod 1236 0x000001cf801bab10 code [0x000001cf801bacc0, 0x000001cf801bae30]
Event: 12.630 Thread 0x000001cffabc6290 1238       3       sun.awt.image.IntegerInterleavedRaster::getDataOffset (7 bytes)
Event: 12.630 Thread 0x000001cffabc6290 nmethod 1238 0x000001cf801baf10 code [0x000001cf801bb0c0, 0x000001cf801bb1f8]
Event: 12.630 Thread 0x000001cffabc6290 1237       1       java.awt.image.SinglePixelPackedSampleModel::getNumDataElements (2 bytes)
Event: 12.630 Thread 0x000001cffabc6290 nmethod 1237 0x000001cf87b2c790 code [0x000001cf87b2c920, 0x000001cf87b2c9e8]
Event: 12.631 Thread 0x000001cffabc6290 1239       1       java.awt.image.Raster::getSampleModel (5 bytes)
Event: 12.631 Thread 0x000001cffabc6290 nmethod 1239 0x000001cf87b2ca90 code [0x000001cf87b2cc20, 0x000001cf87b2cce8]
Event: 12.631 Thread 0x000001cffabc6290 1240   !   3       javax.swing.JComponent::getClientProperty (56 bytes)
Event: 12.632 Thread 0x000001cffabc6290 nmethod 1240 0x000001cf801bb310 code [0x000001cf801bb4e0, 0x000001cf801bb880]
Event: 12.632 Thread 0x000001cffabc6290 1241       3       sun.java2d.SurfaceData::pixelFor (13 bytes)
Event: 12.632 Thread 0x000001cffabc6290 nmethod 1241 0x000001cf801bba10 code [0x000001cf801bbbc0, 0x000001cf801bbe08]
Event: 12.632 Thread 0x000001cffabc6290 1242       3       sun.java2d.loops.SurfaceType::pixelFor (10 bytes)
Event: 12.632 Thread 0x000001cffabc6290 nmethod 1242 0x000001cf801bbf10 code [0x000001cf801bc0c0, 0x000001cf801bc298]
Event: 12.632 Thread 0x000001cffabc6290 1243       3       sun.awt.image.PixelConverter$Xrgb::rgbToPixel (2 bytes)
Event: 12.632 Thread 0x000001cffabc6290 nmethod 1243 0x000001cf801bc390 code [0x000001cf801bc520, 0x000001cf801bc630]
Event: 12.632 Thread 0x000001cffabc6290 1244       3       java.awt.geom.AffineTransform::getDeterminant (99 bytes)
Event: 12.633 Thread 0x000001cffabc6290 nmethod 1244 0x000001cf801bc690 code [0x000001cf801bc8a0, 0x000001cf801bcce0]
Event: 13.342 Thread 0x000001cffabc6290 1245       1       java.awt.Window::isRecursivelyVisible (5 bytes)
Event: 13.343 Thread 0x000001cffabc6290 nmethod 1245 0x000001cf87b2cd90 code [0x000001cf87b2cf20, 0x000001cf87b2cff0]

GC Heap History (0 events):
No events

Dll operation events (11 events):
Event: 0.011 Loaded shared library C:\Program Files\Eclipse Adoptium\jdk-21.0.3.9-hotspot\bin\java.dll
Event: 0.058 Loaded shared library C:\Program Files\Eclipse Adoptium\jdk-21.0.3.9-hotspot\bin\jsvml.dll
Event: 0.142 Loaded shared library C:\Program Files\Eclipse Adoptium\jdk-21.0.3.9-hotspot\bin\jimage.dll
Event: 0.147 Loaded shared library C:\Program Files\Eclipse Adoptium\jdk-21.0.3.9-hotspot\bin\net.dll
Event: 0.149 Loaded shared library C:\Program Files\Eclipse Adoptium\jdk-21.0.3.9-hotspot\bin\nio.dll
Event: 0.153 Loaded shared library C:\Program Files\Eclipse Adoptium\jdk-21.0.3.9-hotspot\bin\zip.dll
Event: 0.183 Loaded shared library C:\Program Files\Eclipse Adoptium\jdk-21.0.3.9-hotspot\bin\awt.dll
Event: 0.390 Loaded shared library C:\Users\ACER\AppData\Local\Temp\lwjgl_ACER\3.3.3+5\x64\lwjgl.dll
Event: 0.667 Loaded shared library C:\Users\ACER\AppData\Local\Temp\lwjgl_ACER\3.3.3+5\x64\lwjgl_opengl.dll
Event: 1.132 Loaded shared library C:\Program Files\Eclipse Adoptium\jdk-21.0.3.9-hotspot\bin\freetype.dll
Event: 1.133 Loaded shared library C:\Program Files\Eclipse Adoptium\jdk-21.0.3.9-hotspot\bin\fontmanager.dll

Deoptimization events (16 events):
Event: 0.289 Thread 0x000001cfff475a80 DEOPT PACKING pc=0x000001cf80018178 sp=0x00000021861fc830
Event: 0.289 Thread 0x000001cfff475a80 DEOPT UNPACKING pc=0x000001cf875888e2 sp=0x00000021861fbc50 mode 0
Event: 0.306 Thread 0x000001cfff475a80 DEOPT PACKING pc=0x000001cf80008f58 sp=0x00000021861fd350
Event: 0.306 Thread 0x000001cfff475a80 DEOPT UNPACKING pc=0x000001cf875888e2 sp=0x00000021861fc7b8 mode 0
Event: 0.379 Thread 0x000001cfff4ec9c0 Uncommon trap: trap_request=0xffffff45 fr.pc=0x000001cf87adaa10 relative=0x0000000000000070
Event: 0.379 Thread 0x000001cfff4ec9c0 Uncommon trap: reason=unstable_if action=reinterpret pc=0x000001cf87adaa10 method=java.io.WinNTFileSystem.isSlash(C)Z @ 9 c2
Event: 0.379 Thread 0x000001cfff4ec9c0 DEOPT PACKING pc=0x000001cf87adaa10 sp=0x00000021862fb350
Event: 0.379 Thread 0x000001cfff4ec9c0 DEOPT UNPACKING pc=0x000001cf87587da2 sp=0x00000021862fb2d8 mode 2
Event: 0.676 Thread 0x000001cfff4ec9c0 Uncommon trap: trap_request=0xffffff54 fr.pc=0x000001cf87b0af90 relative=0x0000000000000070
Event: 0.676 Thread 0x000001cfff4ec9c0 Uncommon trap: reason=speculate_null_assert action=make_not_entrant pc=0x000001cf87b0af90 method=sun.misc.Unsafe.putLong(Ljava/lang/Object;JJ)V @ 7 c2
Event: 0.676 Thread 0x000001cfff4ec9c0 DEOPT PACKING pc=0x000001cf87b0af90 sp=0x00000021862feb80
Event: 0.676 Thread 0x000001cfff4ec9c0 DEOPT UNPACKING pc=0x000001cf87587da2 sp=0x00000021862feaf8 mode 2
Event: 8.373 Thread 0x000001cfff475a80 DEOPT PACKING pc=0x000001cf8016b60b sp=0x00000021861fd2d0
Event: 8.373 Thread 0x000001cfff475a80 DEOPT UNPACKING pc=0x000001cf875888e2 sp=0x00000021861fc7a0 mode 0
Event: 8.456 Thread 0x000001cfff4ec9c0 DEOPT PACKING pc=0x000001cf801a2ff7 sp=0x00000021862fee70
Event: 8.456 Thread 0x000001cfff4ec9c0 DEOPT UNPACKING pc=0x000001cf875888e2 sp=0x00000021862fe330 mode 0

Classes loaded (20 events):
Event: 2.340 Loading class sun/awt/AWTAccessor$ClientPropertyKeyAccessor done
Event: 2.340 Loading class javax/swing/ClientPropertyKey$1 done
Event: 3.428 Loading class sun/awt/DebugSettings
Event: 3.428 Loading class sun/awt/DebugSettings done
Event: 3.428 Loading class javax/swing/JComponent$KeyboardState
Event: 3.428 Loading class javax/swing/JComponent$KeyboardState done
Event: 3.428 Loading class javax/swing/JComponent$IntVector
Event: 3.429 Loading class javax/swing/JComponent$IntVector done
Event: 3.429 Loading class javax/swing/JInternalFrame
Event: 3.429 Loading class javax/swing/JInternalFrame done
Event: 3.429 Loading class javax/swing/KeyboardManager
Event: 3.429 Loading class javax/swing/KeyboardManager done
Event: 3.429 Loading class javax/swing/Popup$HeavyWeightWindow
Event: 3.429 Loading class sun/awt/ModalExclude
Event: 3.429 Loading class sun/awt/ModalExclude done
Event: 3.429 Loading class javax/swing/JWindow
Event: 3.429 Loading class javax/swing/JWindow done
Event: 3.429 Loading class javax/swing/Popup$HeavyWeightWindow done
Event: 8.313 Loading class java/awt/KeyboardFocusManager$4
Event: 8.314 Loading class java/awt/KeyboardFocusManager$4 done

Classes unloaded (0 events):
No events

Classes redefined (0 events):
No events

Internal exceptions (20 events):
Event: 0.363 Thread 0x000001cfff4ec9c0 Exception <a 'java/lang/NoSuchMethodError'{0x000000008ac62288}: 'int java.lang.invoke.DirectMethodHandle$Holder.invokeSpecial(java.lang.Object, java.lang.Object, java.lang.Object)'> (0x000000008ac62288) 
thrown [s\src\hotspot\share\interpreter\linkResolver.cpp, line 773]
Event: 0.366 Thread 0x000001cfff4ec9c0 Exception <a 'java/lang/NoSuchMethodError'{0x000000008ac7b4f8}: 'void java.lang.System.loadLibrary(java.lang.String, java.lang.Class)'> (0x000000008ac7b4f8) 
thrown [s\src\hotspot\share\interpreter\linkResolver.cpp, line 773]
Event: 0.387 Thread 0x000001cfff4ec9c0 Exception <a 'sun/nio/fs/WindowsException'{0x000000008acac160}> (0x000000008acac160) 
thrown [s\src\hotspot\share\prims\jni.cpp, line 520]
Event: 0.387 Thread 0x000001cfff4ec9c0 Exception <a 'sun/nio/fs/WindowsException'{0x000000008acac680}> (0x000000008acac680) 
thrown [s\src\hotspot\share\prims\jni.cpp, line 520]
Event: 0.401 Thread 0x000001cfff4ec9c0 Exception <a 'java/lang/NoSuchMethodError'{0x000000008acfd740}: 'int java.lang.invoke.DirectMethodHandle$Holder.invokeStaticInit(java.lang.Object, java.lang.Object, int, long)'> (0x000000008acfd740) 
thrown [s\src\hotspot\share\interpreter\linkResolver.cpp, line 773]
Event: 0.401 Thread 0x000001cfff4ec9c0 Exception <a 'java/lang/NoSuchMethodError'{0x000000008ab02f20}: 'java.lang.Object java.lang.invoke.DirectMethodHandle$Holder.newInvokeSpecial(java.lang.Object, java.lang.Object, int)'> (0x000000008ab02f20) 
thrown [s\src\hotspot\share\interpreter\linkResolver.cpp, line 773]
Event: 0.403 Thread 0x000001cfff4ec9c0 Exception <a 'java/lang/NoSuchMethodError'{0x000000008ab124b0}: 'int java.lang.invoke.DirectMethodHandle$Holder.invokeStaticInit(java.lang.Object, java.lang.Object, long, long)'> (0x000000008ab124b0) 
thrown [s\src\hotspot\share\interpreter\linkResolver.cpp, line 773]
Event: 0.403 Thread 0x000001cfff4ec9c0 Exception <a 'java/lang/NoSuchMethodError'{0x000000008ab17990}: 'java.lang.Object java.lang.invoke.DirectMethodHandle$Holder.newInvokeSpecial(java.lang.Object, java.lang.Object, long)'> (0x000000008ab17990) 
thrown [s\src\hotspot\share\interpreter\linkResolver.cpp, line 773]
Event: 0.404 Thread 0x000001cfff4ec9c0 Exception <a 'java/lang/NoSuchMethodError'{0x000000008ab1afd8}: 'java.lang.Object java.lang.invoke.Invokers$Holder.linkToTargetMethod(java.lang.Object, long, java.lang.Object)'> (0x000000008ab1afd8) 
thrown [s\src\hotspot\share\interpreter\linkResolver.cpp, line 773]
Event: 0.404 Thread 0x000001cfff4ec9c0 Exception <a 'java/lang/NoSuchMethodError'{0x000000008ab21f68}: 'int java.lang.invoke.DirectMethodHandle$Holder.invokeStaticInit(java.lang.Object, java.lang.Object, java.lang.Object, long)'> (0x000000008ab21f68) 
thrown [s\src\hotspot\share\interpreter\linkResolver.cpp, line 773]
Event: 0.434 Thread 0x000001cfff4ec9c0 Exception <a 'sun/nio/fs/WindowsException'{0x000000008abd11a0}> (0x000000008abd11a0) 
thrown [s\src\hotspot\share\prims\jni.cpp, line 520]
Event: 0.434 Thread 0x000001cfff4ec9c0 Exception <a 'sun/nio/fs/WindowsException'{0x000000008abd14f8}> (0x000000008abd14f8) 
thrown [s\src\hotspot\share\prims\jni.cpp, line 520]
Event: 0.661 Thread 0x000001cfff4ec9c0 Exception <a 'java/lang/NoSuchMethodError'{0x000000008aa6f468}: 'void java.lang.System.load(java.lang.String, java.lang.Class)'> (0x000000008aa6f468) 
thrown [s\src\hotspot\share\interpreter\linkResolver.cpp, line 773]
Event: 0.661 Thread 0x000001cfff4ec9c0 Exception <a 'java/lang/NoSuchMethodError'{0x000000008aa71e08}: 'void java.lang.System.loadLibrary(java.lang.String, java.lang.Class)'> (0x000000008aa71e08) 
thrown [s\src\hotspot\share\interpreter\linkResolver.cpp, line 773]
Event: 0.665 Thread 0x000001cfff4ec9c0 Exception <a 'sun/nio/fs/WindowsException'{0x000000008aa81b68}> (0x000000008aa81b68) 
thrown [s\src\hotspot\share\prims\jni.cpp, line 520]
Event: 0.665 Thread 0x000001cfff4ec9c0 Exception <a 'sun/nio/fs/WindowsException'{0x000000008aa81ef8}> (0x000000008aa81ef8) 
thrown [s\src\hotspot\share\prims\jni.cpp, line 520]
Event: 0.671 Thread 0x000001cfff4ec9c0 Exception <a 'sun/nio/fs/WindowsException'{0x000000008aa8ca70}> (0x000000008aa8ca70) 
thrown [s\src\hotspot\share\prims\jni.cpp, line 520]
Event: 0.671 Thread 0x000001cfff4ec9c0 Exception <a 'sun/nio/fs/WindowsException'{0x000000008aa8cd40}> (0x000000008aa8cd40) 
thrown [s\src\hotspot\share\prims\jni.cpp, line 520]
Event: 1.091 Thread 0x000001cfff4739d0 Exception <a 'java/lang/NoSuchMethodError'{0x000000008af848e8}: 'void java.lang.invoke.DirectMethodHandle$Holder.invokeVirtual(java.lang.Object, java.lang.Object)'> (0x000000008af848e8) 
thrown [s\src\hotspot\share\interpreter\linkResolver.cpp, line 773]
Event: 1.119 Thread 0x000001cfff475a80 Exception <a 'java/lang/NoSuchMethodError'{0x000000008ad6a958}: 'void java.lang.invoke.DirectMethodHandle$Holder.invokeStaticInit(java.lang.Object)'> (0x000000008ad6a958) 
thrown [s\src\hotspot\share\interpreter\linkResolver.cpp, line 773]

ZGC Phase Switch (0 events):
No events

VM Operations (20 events):
Event: 0.379 Executing VM operation: HandshakeAllThreads (Deoptimize) done
Event: 1.049 Executing VM operation: HandshakeAllThreads (Deoptimize)
Event: 1.058 Executing VM operation: HandshakeAllThreads (Deoptimize) done
Event: 1.058 Executing VM operation: Cleanup
Event: 1.058 Executing VM operation: Cleanup done
Event: 1.194 Executing VM operation: HandshakeAllThreads (Deoptimize)
Event: 1.194 Executing VM operation: HandshakeAllThreads (Deoptimize) done
Event: 2.207 Executing VM operation: Cleanup
Event: 2.208 Executing VM operation: Cleanup done
Event: 3.222 Executing VM operation: Cleanup
Event: 3.222 Executing VM operation: Cleanup done
Event: 4.223 Executing VM operation: Cleanup
Event: 4.223 Executing VM operation: Cleanup done
Event: 8.257 Executing VM operation: Cleanup
Event: 8.257 Executing VM operation: Cleanup done
Event: 9.265 Executing VM operation: Cleanup
Event: 9.265 Executing VM operation: Cleanup done
Event: 13.293 Executing VM operation: Cleanup
Event: 13.293 Executing VM operation: Cleanup done
Event: 14.266 Executing VM operation: Exit

Events (20 events):
Event: 0.052 Thread 0x000001cffabb1000 Thread added: 0x000001cffabb1000
Event: 0.052 Thread 0x000001cffabb3b60 Thread added: 0x000001cffabb3b60
Event: 0.052 Thread 0x000001cffabb47e0 Thread added: 0x000001cffabb47e0
Event: 0.053 Thread 0x000001cffabc05a0 Thread added: 0x000001cffabc05a0
Event: 0.053 Thread 0x000001cffabc6290 Thread added: 0x000001cffabc6290
Event: 0.111 Thread 0x000001cfff172830 Thread added: 0x000001cfff172830
Event: 0.116 Thread 0x000001cfff165d70 Thread added: 0x000001cfff165d70
Event: 0.228 Thread 0x000001cfff48f2d0 Thread added: 0x000001cfff48f2d0
Event: 0.229 Thread 0x000001cfff491950 Thread added: 0x000001cfff491950
Event: 0.230 Thread 0x000001cfff4739d0 Thread added: 0x000001cfff4739d0
Event: 0.246 Thread 0x000001cfff475a80 Thread added: 0x000001cfff475a80
Event: 0.247 Thread 0x000001cfeadca130 Thread exited: 0x000001cfeadca130
Event: 0.247 Thread 0x000001cfeadca130 Thread added: 0x000001cfeadca130
Event: 0.328 Thread 0x000001cfff4ec9c0 Thread added: 0x000001cfff4ec9c0
Event: 14.163 Thread 0x000001cfff0d2890 Thread added: 0x000001cfff0d2890
Event: 14.163 Thread 0x000001cfff384da0 Thread added: 0x000001cfff384da0
Event: 14.163 Thread 0x000001cfff384da0 Thread exited: 0x000001cfff384da0
Event: 14.196 Thread 0x000001cfff4739d0 Thread exited: 0x000001cfff4739d0
Event: 14.266 Thread 0x000001cfff0d2890 Thread exited: 0x000001cfff0d2890
Event: 14.266 Thread 0x000001cffabafe20 Thread exited: 0x000001cffabafe20


Dynamic libraries:
0x00007ff68b7f0000 - 0x00007ff68b7fe000 	C:\Program Files\Eclipse Adoptium\jdk-21.0.3.9-hotspot\bin\java.exe
0x00007ff958cb0000 - 0x00007ff958ec7000 	C:\Windows\SYSTEM32\ntdll.dll
0x00007ff957640000 - 0x00007ff957704000 	C:\Windows\System32\KERNEL32.DLL
0x00007ff956330000 - 0x00007ff9566d6000 	C:\Windows\System32\KERNELBASE.dll
0x00007ff956190000 - 0x00007ff9562a1000 	C:\Windows\System32\ucrtbase.dll
0x00007ff9359e0000 - 0x00007ff9359f8000 	C:\Program Files\Eclipse Adoptium\jdk-21.0.3.9-hotspot\bin\jli.dll
0x00007ff935a00000 - 0x00007ff935a1b000 	C:\Program Files\Eclipse Adoptium\jdk-21.0.3.9-hotspot\bin\VCRUNTIME140.dll
0x00007ff957c70000 - 0x00007ff957e1e000 	C:\Windows\System32\USER32.dll
0x00007ff956160000 - 0x00007ff956186000 	C:\Windows\System32\win32u.dll
0x00007ff9363f0000 - 0x00007ff936683000 	C:\Windows\WinSxS\amd64_microsoft.windows.common-controls_6595b64144ccf1df_6.0.22621.2506_none_270c5ae97388e100\COMCTL32.dll
0x00007ff957570000 - 0x00007ff957599000 	C:\Windows\System32\GDI32.dll
0x00007ff956780000 - 0x00007ff956898000 	C:\Windows\System32\gdi32full.dll
0x00007ff958510000 - 0x00007ff9585b7000 	C:\Windows\System32\msvcrt.dll
0x00007ff9568a0000 - 0x00007ff95693a000 	C:\Windows\System32\msvcp_win.dll
0x00007ff9585c0000 - 0x00007ff9585f1000 	C:\Windows\System32\IMM32.DLL
0x00007ff934790000 - 0x00007ff93479c000 	C:\Program Files\Eclipse Adoptium\jdk-21.0.3.9-hotspot\bin\vcruntime140_1.dll
0x00007ff911190000 - 0x00007ff91121e000 	C:\Program Files\Eclipse Adoptium\jdk-21.0.3.9-hotspot\bin\msvcp140.dll
0x00007ff8f08b0000 - 0x00007ff8f1632000 	C:\Program Files\Eclipse Adoptium\jdk-21.0.3.9-hotspot\bin\server\jvm.dll
0x00007ff957820000 - 0x00007ff9578d3000 	C:\Windows\System32\ADVAPI32.dll
0x00007ff957e20000 - 0x00007ff957ec8000 	C:\Windows\System32\sechost.dll
0x00007ff956750000 - 0x00007ff956778000 	C:\Windows\System32\bcrypt.dll
0x00007ff958b50000 - 0x00007ff958c67000 	C:\Windows\System32\RPCRT4.dll
0x00007ff9575a0000 - 0x00007ff957611000 	C:\Windows\System32\WS2_32.dll
0x00007ff94de40000 - 0x00007ff94de74000 	C:\Windows\SYSTEM32\WINMM.dll
0x00007ff94dd10000 - 0x00007ff94dd1a000 	C:\Windows\SYSTEM32\VERSION.dll
0x00007ff954e80000 - 0x00007ff954ecd000 	C:\Windows\SYSTEM32\POWRPROF.dll
0x00007ff954e60000 - 0x00007ff954e73000 	C:\Windows\SYSTEM32\UMPDC.dll
0x00007ff955120000 - 0x00007ff955138000 	C:\Windows\SYSTEM32\kernel.appcore.dll
0x00007ff932dd0000 - 0x00007ff932dda000 	C:\Program Files\Eclipse Adoptium\jdk-21.0.3.9-hotspot\bin\jimage.dll
0x00007ff953950000 - 0x00007ff953b83000 	C:\Windows\SYSTEM32\DBGHELP.DLL
0x00007ff9578e0000 - 0x00007ff957c69000 	C:\Windows\System32\combase.dll
0x00007ff958660000 - 0x00007ff958737000 	C:\Windows\System32\OLEAUT32.dll
0x00007ff9480e0000 - 0x00007ff948112000 	C:\Windows\SYSTEM32\dbgcore.DLL
0x00007ff9562b0000 - 0x00007ff95632a000 	C:\Windows\System32\bcryptPrimitives.dll
0x00007ff915fa0000 - 0x00007ff915fbf000 	C:\Program Files\Eclipse Adoptium\jdk-21.0.3.9-hotspot\bin\java.dll
0x00007ff956a00000 - 0x00007ff95725b000 	C:\Windows\System32\SHELL32.dll
0x00007ff953f20000 - 0x00007ff954816000 	C:\Windows\SYSTEM32\windows.storage.dll
0x00007ff953de0000 - 0x00007ff953f1e000 	C:\Windows\SYSTEM32\wintypes.dll
0x00007ff957710000 - 0x00007ff957803000 	C:\Windows\System32\SHCORE.dll
0x00007ff958600000 - 0x00007ff95865e000 	C:\Windows\System32\shlwapi.dll
0x00007ff955f20000 - 0x00007ff955f46000 	C:\Windows\SYSTEM32\profapi.dll
0x00007ff905f30000 - 0x00007ff906007000 	C:\Program Files\Eclipse Adoptium\jdk-21.0.3.9-hotspot\bin\jsvml.dll
0x00007ff931730000 - 0x00007ff931740000 	C:\Program Files\Eclipse Adoptium\jdk-21.0.3.9-hotspot\bin\net.dll
0x00007ff950260000 - 0x00007ff950397000 	C:\Windows\SYSTEM32\WINHTTP.dll
0x00007ff9555a0000 - 0x00007ff955609000 	C:\Windows\system32\mswsock.dll
0x00007ff915f80000 - 0x00007ff915f96000 	C:\Program Files\Eclipse Adoptium\jdk-21.0.3.9-hotspot\bin\nio.dll
0x00007ff913250000 - 0x00007ff913268000 	C:\Program Files\Eclipse Adoptium\jdk-21.0.3.9-hotspot\bin\zip.dll
0x00007ff905da0000 - 0x00007ff905f2e000 	C:\Program Files\Eclipse Adoptium\jdk-21.0.3.9-hotspot\bin\awt.dll
0x00007ff952b20000 - 0x00007ff952bb7000 	C:\Windows\SYSTEM32\apphelp.dll
0x00007ff952f50000 - 0x00007ff952ffb000 	C:\Windows\system32\uxtheme.dll
0x00007ff9589f0000 - 0x00007ff958b41000 	C:\Windows\System32\MSCTF.dll
0x00007ff958370000 - 0x00007ff958510000 	C:\Windows\System32\ole32.dll
0x00007ff953190000 - 0x00007ff9531bb000 	C:\Windows\system32\DWMAPI.DLL
0x00007ff93ab20000 - 0x00007ff93ac20000 	C:\Windows\system32\opengl32.dll
0x00007ff93fdb0000 - 0x00007ff93fddd000 	C:\Windows\SYSTEM32\GLU32.dll
0x00007ff953200000 - 0x00007ff953239000 	C:\Windows\SYSTEM32\dxcore.dll
0x00007ff910eb0000 - 0x00007ff910f2b000 	C:\Users\ACER\AppData\Local\Temp\lwjgl_ACER\3.3.3+5\x64\lwjgl.dll
0x00007ff905d10000 - 0x00007ff905d92000 	C:\Users\ACER\AppData\Local\Temp\lwjgl_ACER\3.3.3+5\x64\glfw.dll
0x00007ff913200000 - 0x00007ff913246000 	C:\Windows\SYSTEM32\dinput8.dll
0x00007ff9122b0000 - 0x00007ff9122c1000 	C:\Windows\SYSTEM32\xinput1_4.dll
0x00007ff955d00000 - 0x00007ff955d2c000 	C:\Windows\SYSTEM32\DEVOBJ.dll
0x00007ff955cb0000 - 0x00007ff955cfe000 	C:\Windows\SYSTEM32\cfgmgr32.dll
0x00007ff938f20000 - 0x00007ff93912a000 	C:\Windows\SYSTEM32\inputhost.dll
0x00007ff952740000 - 0x00007ff952874000 	C:\Windows\SYSTEM32\CoreMessaging.dll
0x00007ff955810000 - 0x00007ff95581c000 	C:\Windows\SYSTEM32\CRYPTBASE.DLL
0x00007ff94f6e0000 - 0x00007ff94f72a000 	C:\Windows\SYSTEM32\directxdatabasehelper.dll
0x00007ff9574c0000 - 0x00007ff957570000 	C:\Windows\System32\clbcatq.dll
0x00007ff94abe0000 - 0x00007ff94ad15000 	C:\Windows\System32\AppXDeploymentClient.dll
0x00007ff93dda0000 - 0x00007ff93de9c000 	C:\Windows\System32\Windows.ApplicationModel.dll
0x00007ff9509e0000 - 0x00007ff950ae1000 	C:\Windows\system32\propsys.dll
0x00007ff902ac0000 - 0x00007ff902ae6000 	C:\Windows\system32\mssprxy.dll
0x00007ff8e8020000 - 0x00007ff8e902b000 	C:\Windows\System32\DriverStore\FileRepository\iigd_dch.inf_amd64_38b23bd92a6775fe\igxelpicd64.dll
0x00007ff953080000 - 0x00007ff953178000 	C:\Windows\system32\dxgi.dll
0x00007ff8f53d0000 - 0x00007ff8f56be000 	C:\Windows\System32\DriverStore\FileRepository\iigd_dch.inf_amd64_38b23bd92a6775fe\igdml64.dll
0x00007ff947aa0000 - 0x00007ff947e68000 	C:\Windows\System32\DriverStore\FileRepository\iigd_dch.inf_amd64_38b23bd92a6775fe\igdgmm64.dll
0x00007ff940940000 - 0x00007ff943f26000 	C:\Windows\System32\DriverStore\FileRepository\iigd_dch.inf_amd64_38b23bd92a6775fe\igc64.dll
0x00007ff911c00000 - 0x00007ff911c5e000 	C:\Users\ACER\AppData\Local\Temp\lwjgl_ACER\3.3.3+5\x64\lwjgl_opengl.dll
0x00007ff938900000 - 0x00007ff938a4a000 	C:\Windows\SYSTEM32\textinputframework.dll
0x00007ff94eca0000 - 0x00007ff94f00c000 	C:\Windows\SYSTEM32\CoreUIComponents.dll
0x00007ff904ae0000 - 0x00007ff904b67000 	C:\Program Files\Eclipse Adoptium\jdk-21.0.3.9-hotspot\bin\freetype.dll
0x00007ff902b40000 - 0x00007ff902c22000 	C:\Program Files\Eclipse Adoptium\jdk-21.0.3.9-hotspot\bin\fontmanager.dll

dbghelp: loaded successfully - version: 4.0.5 - missing functions: none
symbol engine: initialized successfully - sym options: 0x614 - pdb path: .;C:\Program Files\Eclipse Adoptium\jdk-21.0.3.9-hotspot\bin;C:\Windows\SYSTEM32;C:\Windows\WinSxS\amd64_microsoft.windows.common-controls_6595b64144ccf1df_6.0.22621.2506_none_270c5ae97388e100;C:\Program Files\Eclipse Adoptium\jdk-21.0.3.9-hotspot\bin\server;C:\Users\ACER\AppData\Local\Temp\lwjgl_ACER\3.3.3+5\x64;C:\Windows\System32\DriverStore\FileRepository\iigd_dch.inf_amd64_38b23bd92a6775fe

VM Arguments:
jvm_args: -XX:+ShowCodeDetailsInExceptionMessages 
java_command: Launcher
java_class_path (initial): C:\Users\ACER\AppData\Roaming\Code\User\workspaceStorage\58fc477611a6a52b9a524679be3fe123\redhat.java\jdt_ws\cs_lab3_e1683c61\bin;c:\Users\ACER\Desktop\cs_lab3\3D-Object-Renderer\lib\lwjgl-opengl\lwjgl-opengl.jar;c:\Users\ACER\Desktop\cs_lab3\3D-Object-Renderer\lib\lwjgl-glfw\lwjgl-glfw-natives-linux.jar;c:\Users\ACER\Desktop\cs_lab3\3D-Object-Renderer\lib\lwjgl-opengl\lwjgl-opengl-natives-macos.jar;c:\Users\ACER\Desktop\cs_lab3\3D-Object-Renderer\lib\lwjgl\lwjgl-natives-linux.jar;c:\Users\ACER\Desktop\cs_lab3\3D-Object-Renderer\lib\lwjgl-opengl\lwjgl-opengl-natives-windows-arm64.jar;c:\Users\ACER\Desktop\cs_lab3\3D-Object-Renderer\lib\lwjgl-glfw\lwjgl-glfw-natives-macos-arm64.jar;c:\Users\ACER\Desktop\cs_lab3\3D-Object-Renderer\lib\lwjgl\lwjgl-natives-linux-arm64.jar;c:\Users\ACER\Desktop\cs_lab3\3D-Object-Renderer\lib\lwjgl\lwjgl-natives-windows-arm64.jar;c:\Users\ACER\Desktop\cs_lab3\3D-Object-Renderer\lib\lwjgl-glfw\lwjgl-glfw.jar;c:\Users\ACER\Desktop\cs_lab3\3D-Object-Renderer\lib\lwjgl-opengl\lwjgl-opengl-natives-linux.jar;c:\Users\ACER\Desktop\cs_lab3\3D-Object-Renderer\lib\lwjgl-opengl\lwjgl-opengl-natives-windows-x86.jar;c:\Users\ACER\Desktop\cs_lab3\3D-Object-Renderer\lib\lwjgl-glfw\lwjgl-glfw-natives-windows.jar;c:\Users\ACER\Desktop\cs_lab3\3D-Object-Renderer\lib\lwjgl\lwjgl-natives-windows-x86.jar;c:\Users\ACER\Desktop\cs_lab3\3D-Object-Renderer\lib\lwjgl-glfw\lwjgl-glfw-natives-linux-arm32.jar;c:\Users\ACER\Desktop\cs_lab3\3D-Object-Renderer\lib\lwjgl-opengl\lwjgl-opengl-natives-linux-arm64.jar;c:\Users\ACER\Desktop\cs_lab3\3D-Object-Renderer\lib\lwjgl\lwjgl.jar;c:\Users\ACER\Desktop\cs_lab3\3D-Object-Renderer\lib\lwjgl\lwjgl-natives-macos.jar;c:\Users\ACER\Desktop\cs_lab3\3D-Object-Renderer\lib\lwjgl-opengl\lwjgl-opengl-natives-windows.jar;c:\Users\ACER\Desktop\cs_lab3\3D-Object-Renderer\lib\lwjgl\lwjgl-javadoc.jar;c:\Users\ACER\Desktop\cs_lab3\3D-Object-Renderer\lib\lwjgl-glfw\lwjgl-glfw-javadoc.jar;c:\Users\ACER\Desktop\cs_lab3\3D-Object-Renderer\lib\lwjgl\lwjgl-natives-windows.jar;c:\Users\ACER\Desktop\cs_lab3\3D-Object-Renderer\lib\lwjgl-glfw\lwjgl-glfw-natives-linux-arm64.jar;c:\Users\ACER\Desktop\cs_lab3\3D-Object-Renderer\lib\lwjgl-glfw\lwjgl-glfw-natives-macos.jar;c:\Users\ACER\Desktop\cs_lab3\3D-Object-Renderer\lib\lwjgl\lwjgl-natives-macos-arm64.jar;c:\Users\ACER\Desktop\cs_lab3\3D-Object-Renderer\lib\lwjgl-glfw\lwjgl-glfw-natives-windows-arm64.jar;c:\Users\ACER\Desktop\cs_lab3\3D-Object-Renderer\lib\lwjgl-opengl\lwjgl-opengl-natives-macos-arm64.jar;c:\Users\ACER\Desktop\cs_lab3\3D-Object-Renderer\lib\lwjgl-opengl\lwjgl-opengl-javadoc.jar;c:\Users\ACER\Desktop\cs_lab3\3D-Object-Renderer\lib\lwjgl-glfw\lwjgl-glfw-natives-windows-x86.jar;c:\Users\ACER\Desktop\cs_lab3\3D-Object-Renderer\lib\lwjgl\lwjgl-natives-linux-arm32.jar;c:\Users\ACER\Desktop\cs_lab3\3D-Object-Renderer\lib\lwjgl-jawt\lwjgl-jawt-javadoc.jar;c:\Users\ACER\Desktop\cs_lab3\3D-Object-Renderer\lib\joml\joml-1.10.5.jar;c:\Users\ACER\Desktop\cs_lab3\3D-Object-Renderer\lib\lwjgl-opengl\lwjgl-opengl-natives-linux-arm32.jar;c:\Users\ACER\Desktop\cs_lab3\3D-Object-Renderer\lib\lwjgl-jawt\lwjgl-jawt.jar
Launcher Type: SUN_STANDARD

[Global flags]
     intx CICompilerCount                          = 4                                         {product} {ergonomic}
     uint ConcGCThreads                            = 2                                         {product} {ergonomic}
     uint G1ConcRefinementThreads                  = 8                                         {product} {ergonomic}
   size_t G1HeapRegionSize                         = 1048576                                   {product} {ergonomic}
    uintx GCDrainStackTargetSize                   = 64                                        {product} {ergonomic}
   size_t InitialHeapSize                          = 132120576                                 {product} {ergonomic}
   size_t MarkStackSize                            = 4194304                                   {product} {ergonomic}
   size_t MaxHeapSize                              = 2090860544                                {product} {ergonomic}
   size_t MaxNewSize                               = 1254096896                                {product} {ergonomic}
   size_t MinHeapDeltaBytes                        = 1048576                                   {product} {ergonomic}
   size_t MinHeapSize                              = 8388608                                   {product} {ergonomic}
    uintx NonNMethodCodeHeapSize                   = 5839372                                {pd product} {ergonomic}
    uintx NonProfiledCodeHeapSize                  = 122909434                              {pd product} {ergonomic}
    uintx ProfiledCodeHeapSize                     = 122909434                              {pd product} {ergonomic}
    uintx ReservedCodeCacheSize                    = 251658240                              {pd product} {ergonomic}
     bool SegmentedCodeCache                       = true                                      {product} {ergonomic}
     bool ShowCodeDetailsInExceptionMessages       = true                                   {manageable} {command line}
   size_t SoftMaxHeapSize                          = 2090860544                             {manageable} {ergonomic}
     bool UseCompressedOops                        = true                           {product lp64_product} {ergonomic}
     bool UseG1GC                                  = true                                      {product} {ergonomic}
     bool UseLargePagesIndividualAllocation        = false                                  {pd product} {ergonomic}

Logging:
Log output configuration:
 #0: stdout all=off uptime,level,tags foldmultilines=false
 #1: stderr all=off uptime,level,tags foldmultilines=false

Environment Variables:
PATH=C:\Program Files\Eclipse Adoptium\jdk-21.0.3.9-hotspot\bin;C:\Windows\system32;C:\Windows;C:\Windows\System32\Wbem;C:\Windows\System32\WindowsPowerShell\v1.0\;C:\Windows\System32\OpenSSH\;C:\Program Files (x86)\NVIDIA Corporation\PhysX\Common;C:\Program Files\NVIDIA Corporation\NVIDIA NvDLISR;C:\Users\ACER\AppData\Local\Programs\Python\Python311\Scripts\;C:\Users\ACER\AppData\Local\Programs\Python\Python311\;C:\Users\ACER\AppData\Local\Microsoft\WindowsApps;C:\Users\ACER\AppData\Local\Programs\Microsoft VS Code\bin;C:\Users\ACER\AppData\Local\GitHubDesktop\bin
USERNAME=ACER
LANG=en_US.UTF-8
OS=Windows_NT
PROCESSOR_IDENTIFIER=Intel64 Family 6 Model 140 Stepping 1, GenuineIntel
TMP=C:\Users\ACER\AppData\Local\Temp
TEMP=C:\Users\ACER\AppData\Local\Temp




Periodic native trim disabled

---------------  S Y S T E M  ---------------

OS:
 Windows 11 , 64 bit Build 22621 (10.0.22621.3085)
OS uptime: 5 days 8:48 hours
Hyper-V role detected

CPU: total 8 (initial active 8) (4 cores per cpu, 2 threads per core) family 6 model 140 stepping 1 microcode 0x8a, cx8, cmov, fxsr, ht, mmx, 3dnowpref, sse, sse2, sse3, ssse3, sse4.1, sse4.2, popcnt, lzcnt, tsc, tscinvbit, avx, avx2, aes, erms, clmul, bmi1, bmi2, adx, avx512f, avx512dq, avx512cd, avx512bw, avx512vl, sha, fma, vzeroupper, avx512_vpopcntdq, avx512_vpclmulqdq, avx512_vaes, avx512_vnni, clflush, clflushopt, clwb, avx512_vbmi2, avx512_vbmi, hv, rdtscp, rdpid, fsrm, gfni, avx512_bitalg, f16c, cet_ibt, cet_ss, avx512_ifma
Processor Information for processor 0
  Max Mhz: 2419, Current Mhz: 1007, Mhz Limit: 2419
Processor Information for processor 1
  Max Mhz: 2419, Current Mhz: 1007, Mhz Limit: 2419
Processor Information for processor 2
  Max Mhz: 2419, Current Mhz: 1007, Mhz Limit: 2419
Processor Information for processor 3
  Max Mhz: 2419, Current Mhz: 2419, Mhz Limit: 2419
Processor Information for processor 4
  Max Mhz: 2419, Current Mhz: 2419, Mhz Limit: 2419
Processor Information for processor 5
  Max Mhz: 2419, Current Mhz: 2419, Mhz Limit: 2419
Processor Information for processor 6
  Max Mhz: 2419, Current Mhz: 1007, Mhz Limit: 2419
Processor Information for processor 7
  Max Mhz: 2419, Current Mhz: 2419, Mhz Limit: 2419

Memory: 4k page, system-wide physical 7971M (1076M free)
TotalPageFile size 16675M (AvailPageFile size 3541M)
current process WorkingSet (physical memory assigned to process): 150M, peak: 154M
current process commit charge ("private bytes"): 268M, peak: 268M

vm_info: OpenJDK 64-Bit Server VM (21.0.3+9-LTS) for windows-amd64 JRE (21.0.3+9-LTS), built on 2024-04-16T00:00:00Z by "admin" with MS VC++ 17.7 (VS2022)

END.
